<?xml version="1.0" encoding="UTF-8"?>
<!-- Generated by org.testng.reporters.JUnitReportReporter -->
<testsuite hostname="DESKTOP-SJM3D2F" failures="0" tests="2" name="homePage.HomePage" time="0.009" errors="0" timestamp="2022-02-24T11:13:47 IST" skipped="0">
  <testcase classname="homePage.HomePage" name="validateDynamicTest" time="0.007"/>
  <system-out/>
  <testcase classname="homePage.HomePage" name="validateStaticText" time="0.002"/>
  <system-out/>
</testsuite> <!-- homePage.HomePage -->
