<?xml version="1.0" encoding="UTF-8"?>
<!-- Generated by org.testng.reporters.JUnitReportReporter -->
<testsuite hostname="DESKTOP-SJM3D2F" failures="0" tests="2" name="login.LoginTest" time="0.031" errors="0" timestamp="2022-02-24T11:13:47 IST" skipped="0">
  <testcase classname="login.LoginTest" name="validateLogin" time="0.025"/>
  <system-out/>
  <testcase classname="login.LoginTest" name="validateforgotpwd" time="0.006"/>
  <system-out/>
</testsuite> <!-- login.LoginTest -->
