<?xml version="1.0" encoding="UTF-8"?>
<!-- Generated by org.testng.reporters.JUnitReportReporter -->
<testsuite hostname="DESKTOP-SJM3D2F" failures="0" tests="8" name="TestNgDataProvider.usedataprovider1" time="0.050" errors="0" timestamp="2022-02-28T17:29:36 IST" skipped="0">
  <testcase classname="TestNgDataProvider.usedataprovider1" name="getDataMap" time="0.003"/>
  <system-out/>
  <testcase classname="TestNgDataProvider.usedataprovider1" name="vijay1" time="0.007"/>
  <system-out/>
  <testcase classname="TestNgDataProvider.usedataprovider1" name="vijay" time="0.006"/>
  <system-out/>
  <testcase classname="TestNgDataProvider.usedataprovider1" name="getDataMap" time="0.004"/>
  <system-out/>
  <testcase classname="TestNgDataProvider.usedataprovider1" name="getDataMap" time="0.008"/>
  <system-out/>
  <testcase classname="TestNgDataProvider.usedataprovider1" name="vijay" time="0.002"/>
  <system-out/>
  <testcase classname="TestNgDataProvider.usedataprovider1" name="vijay1" time="0.003"/>
  <system-out/>
  <testcase classname="TestNgDataProvider.usedataprovider1" name="getDataMap" time="0.017"/>
  <system-out/>
</testsuite> <!-- TestNgDataProvider.usedataprovider1 -->
