<?xml version="1.0" encoding="UTF-8"?>
<!-- Generated by org.testng.reporters.JUnitReportReporter -->
<testsuite hostname="DESKTOP-SJM3D2F" failures="0" tests="2" name="login.LoginPage" time="16.947" errors="0" timestamp="2022-02-26T09:50:01 IST" skipped="0">
  <testcase classname="login.LoginPage" name="validateForgotPwd" time="10.944"/>
  <system-out/>
  <testcase classname="login.LoginPage" name="validateLogin" time="6.003"/>
  <system-out/>
</testsuite> <!-- login.LoginPage -->
