<?xml version="1.0" encoding="UTF-8"?>
<!-- Generated by org.testng.reporters.JUnitReportReporter -->
<testsuite hostname="DESKTOP-SJM3D2F" failures="0" tests="8" name="TestNgDataProvider.usedataprovider" time="0.055" errors="0" timestamp="2022-02-28T12:51:26 IST" skipped="0">
  <testcase classname="TestNgDataProvider.usedataprovider" name="takaDataMap" time="0.009"/>
  <system-out/>
  <testcase classname="TestNgDataProvider.usedataprovider" name="takaDataMap" time="0.005"/>
  <system-out/>
  <testcase classname="TestNgDataProvider.usedataprovider" name="method1" time="0.016"/>
  <system-out/>
  <testcase classname="TestNgDataProvider.usedataprovider" name="takeData2" time="0.008"/>
  <system-out/>
  <testcase classname="TestNgDataProvider.usedataprovider" name="takaDataMap" time="0.003"/>
  <system-out/>
  <testcase classname="TestNgDataProvider.usedataprovider" name="takeData1" time="0.003"/>
  <system-out/>
  <testcase classname="TestNgDataProvider.usedataprovider" name="takeData2" time="0.003"/>
  <system-out/>
  <testcase classname="TestNgDataProvider.usedataprovider" name="takeData1" time="0.008"/>
  <system-out/>
</testsuite> <!-- TestNgDataProvider.usedataprovider -->
