<?xml version="1.0" encoding="UTF-8"?>
<!-- Generated by org.testng.reporters.JUnitReportReporter -->
<testsuite hostname="DESKTOP-SJM3D2F" failures="0" tests="6" name="easyJQuery.checkboxEx" time="75.758" errors="0" timestamp="2022-02-26T17:21:44 IST" skipped="0">
  <testcase classname="easyJQuery.checkboxEx" name="validateLogo" time="12.259"/>
  <system-out/>
  <testcase classname="easyJQuery.checkboxEx" name="validateTitle" time="13.598"/>
  <system-out/>
  <testcase classname="easyJQuery.checkboxEx" name="validatePageSource" time="12.139"/>
  <system-out/>
  <testcase classname="easyJQuery.checkboxEx" name="validateCheckBox" time="12.378"/>
  <system-out/>
  <testcase classname="easyJQuery.checkboxEx" name="validateDropDownBox" time="10.966"/>
  <system-out/>
  <testcase classname="easyJQuery.checkboxEx" name="ListBox" time="14.418"/>
  <system-out/>
</testsuite> <!-- easyJQuery.checkboxEx -->
