<?xml version="1.0" encoding="UTF-8"?>
<!-- Generated by org.testng.reporters.JUnitReportReporter -->
<testsuite hostname="DESKTOP-SJM3D2F" failures="0" tests="1" name="easyJQuery.SimpleFormDemo" time="15.047" errors="0" timestamp="2022-02-26T17:46:48 IST" skipped="0">
  <testcase classname="easyJQuery.SimpleFormDemo" name="validatesimpleForm" time="15.047"/>
  <system-out/>
</testsuite> <!-- easyJQuery.SimpleFormDemo -->
