<?xml version="1.0" encoding="UTF-8"?>
<!-- Generated by org.testng.reporters.JUnitReportReporter -->
<testsuite hostname="DESKTOP-SJM3D2F" failures="0" tests="2" name="login.LoginTest1" time="25.308" errors="0" timestamp="2022-02-24T11:36:40 IST" skipped="0">
  <testcase classname="login.LoginTest1" name="validateForgotPwd" time="14.723"/>
  <system-out/>
  <testcase classname="login.LoginTest1" name="validateLogin" time="10.585"/>
  <system-out/>
</testsuite> <!-- login.LoginTest1 -->
